<?xml version="1.0" encoding="UTF-8"?>
<!-- Generated by org.testng.reporters.JUnitReportReporter -->
<testsuite hostname="DESKTOP-DLCGN6D" failures="0" tests="1" name="com.google.FirstTest" time="8.350" errors="0" timestamp="03 may. 2022 16:47:37 GMT" skipped="0">
  <testcase classname="com.google.FirstTest" name="f" time="8.350"/>
</testsuite> <!-- com.google.FirstTest -->
