<?xml version="1.0" encoding="UTF-8"?>
<!-- Generated by org.testng.reporters.JUnitReportReporter -->
<testsuite hostname="DESKTOP-DLCGN6D" failures="0" tests="1" name="com.google.FirstTest" time="23.179" errors="0" timestamp="30 abr. 2022 00:40:36 GMT" skipped="0">
  <testcase classname="com.google.FirstTest" name="f" time="23.179"/>
</testsuite> <!-- com.google.FirstTest -->
