<?xml version="1.0" encoding="UTF-8"?>
<!-- Generated by org.testng.reporters.JUnitReportReporter -->
<testsuite hostname="DESKTOP-DLCGN6D" failures="0" tests="1" name="com.orange.LoginTests" time="10.035" errors="0" timestamp="20 may. 2022 15:46:19 GMT" skipped="0">
  <testcase classname="com.orange.LoginTests" name="tc001" time="10.035"/>
</testsuite> <!-- com.orange.LoginTests -->
