<?xml version="1.0" encoding="UTF-8"?>
<!-- Generated by org.testng.reporters.JUnitReportReporter -->
<testsuite hostname="DESKTOP-DLCGN6D" failures="0" tests="1" name="com.google.FirstTest" time="19.118" errors="0" timestamp="27 abr. 2022 01:48:06 GMT" skipped="0">
  <testcase classname="com.google.FirstTest" name="f" time="19.118"/>
</testsuite> <!-- com.google.FirstTest -->
